[33mWARNING: package 'gazebo_ros' is deprecated (This package has been deprecated as of January 2025 with Gazebo classic 11 reaching[0m
      end-of-life. Users are highly encouraged to migrate to the new Gazebo
      using our migration guides (https://gazebosim.org/docs/latest/gazebo_classic_migration))
[33mWARNING: package 'gazebo_msgs' is deprecated (This package has been deprecated as of January 2025 with Gazebo classic 11 reaching[0m
      end-of-life. Users are highly encouraged to migrate to the new Gazebo
      using our migration guides (https://gazebosim.org/docs/latest/gazebo_classic_migration))
[33m[1mCMake Warning[0m at /home/clauclauclau/moveit_ws/src/gazebo_ros_link_attacher/CMakeLists.txt:58 (add_library):
  Cannot generate a safe runtime search path for target
  gazebo_ros_link_attacher because files in some directories may conflict
  with libraries in implicit directories:

    runtime library [libboost_program_options.so.1.71.0] in /usr/lib/x86_64-linux-gnu may be hidden by files in:
      /usr/local/lib
    runtime library [libboost_chrono.so.1.71.0] in /usr/lib/x86_64-linux-gnu may be hidden by files in:
      /usr/local/lib
    runtime library [libboost_filesystem.so.1.71.0] in /usr/lib/x86_64-linux-gnu may be hidden by files in:
      /usr/local/lib
    runtime library [libboost_regex.so.1.71.0] in /usr/lib/x86_64-linux-gnu may be hidden by files in:
      /usr/local/lib
    runtime library [libboost_date_time.so.1.71.0] in /usr/lib/x86_64-linux-gnu may be hidden by files in:
      /usr/local/lib
    runtime library [libboost_system.so.1.71.0] in /usr/lib/x86_64-linux-gnu may be hidden by files in:
      /usr/local/lib
    runtime library [libboost_thread.so.1.71.0] in /usr/lib/x86_64-linux-gnu may be hidden by files in:
      /usr/local/lib

  Some of these libraries may not be found correctly.


